18:36:19 **** Incremental Build of configuration Debug for project CML ****
make all 
Building file: ../Src/main.c
Invoking: MCU GCC Compiler
C:\Users\liewe\Desktop\command\CML\Debug
arm-none-eabi-gcc -mcpu=cortex-m3 -mthumb -mfloat-abi=soft '-D__weak=__attribute__((weak))' '-D__packed=__attribute__((__packed__))' -DUSE_HAL_DRIVER -DSTM32F103xB -I"C:/Users/liewe/Desktop/command/CML/Inc" -I"C:/Users/liewe/Desktop/command/CML/Drivers/STM32F1xx_HAL_Driver/Inc" -I"C:/Users/liewe/Desktop/command/CML/Drivers/STM32F1xx_HAL_Driver/Inc/Legacy" -I"C:/Users/liewe/Desktop/command/CML/Drivers/CMSIS/Device/ST/STM32F1xx/Include" -I"C:/Users/liewe/Desktop/command/CML/Drivers/CMSIS/Include" -I"C:/Users/liewe/Desktop/command/CML/Inc"  -O0 -g3 -Wall -fmessage-length=0 -ffunction-sections -c -fmessage-length=0 -MMD -MP -MF"Src/main.d" -MT"Src/main.o" -o "Src/main.o" "../Src/main.c"
../Src/main.c: In function 'executeCMD':
../Src/main.c:108:16: warning: unused variable 'addressb' [-Wunused-variable]
  __IO uint8_t *addressb;
                ^
../Src/main.c:107:17: warning: unused variable 'addressh' [-Wunused-variable]
  __IO uint16_t *addressh;
                 ^
../Src/main.c:102:8: warning: unused variable 'writeh' [-Wunused-variable]
  char *writeh = "writeh";
        ^
../Src/main.c:101:8: warning: unused variable 'writeb' [-Wunused-variable]
  char *writeb = "writeb";
        ^
../Src/main.c:100:6: warning: unused variable 'i' [-Wunused-variable]
  int i = 0;
      ^
Finished building: ../Src/main.c
 
Building target: CML.elf
Invoking: MCU GCC Linker
arm-none-eabi-gcc -mcpu=cortex-m3 -mthumb -mfloat-abi=soft -specs=nosys.specs -specs=nano.specs -specs=rdimon.specs -lc -lrdimon -T"../STM32F103C8Tx_FLASH.ld" -Wl,-Map=output.map -Wl,--gc-sections -o "CML.elf" @"objects.list"   -lm
Finished building target: CML.elf
 
make --no-print-directory post-build
Generating binary and Printing size information:
arm-none-eabi-objcopy -O binary "CML.elf" "CML.bin"
arm-none-eabi-size "CML.elf"
   text	   data	    bss	    dec	    hex	filename
  21000	    508	   2044	  23552	   5c00	CML.elf
 

18:36:21 Build Finished (took 1s.593ms)

